<?xml version="1.0" encoding="UTF-8"?>
<testsuite name="Cucumber" time="9.362" tests="1" skipped="0" failures="0" errors="0">
<testcase classname="Login" name="Successful login with existing credentials - #1.1" time="8.895">
<system-out><![CDATA[
Given that the user navigates on the StartSharp page........................passed
When he logs with credentials "admin" and "serenity"........................passed
Then he should see a message related to "Tablero"...........................passed
]]></system-out>
</testcase>
</testsuite>
